Analysis & Synthesis report for pipeFPA64
Mon Aug 16 16:37:09 2021
Quartus Prime Version 18.1.0 Build 625 09/12/2018 SJ Lite Edition


---------------------
; Table of Contents ;
---------------------
  1. Legal Notice
  2. Analysis & Synthesis Summary
  3. Analysis & Synthesis Settings
  4. Parallel Compilation
  5. Analysis & Synthesis Source Files Read
  6. Analysis & Synthesis Resource Usage Summary
  7. Analysis & Synthesis Resource Utilization by Entity
  8. Registers Removed During Synthesis
  9. Removed Registers Triggering Further Register Optimizations
 10. General Register Statistics
 11. Inverted Register Statistics
 12. Multiplexer Restructuring Statistics (Restructuring Performed)
 13. Port Connectivity Checks: "pipeFPA64:fpa"
 14. Post-Synthesis Netlist Statistics for Top Partition
 15. Elapsed Time Per Partition
 16. Analysis & Synthesis Messages
 17. Analysis & Synthesis Suppressed Messages



----------------
; Legal Notice ;
----------------
Copyright (C) 2018  Intel Corporation. All rights reserved.
Your use of Intel Corporation's design tools, logic functions 
and other software and tools, and its AMPP partner logic 
functions, and any output files from any of the foregoing 
(including device programming or simulation files), and any 
associated documentation or information are expressly subject 
to the terms and conditions of the Intel Program License 
Subscription Agreement, the Intel Quartus Prime License Agreement,
the Intel FPGA IP License Agreement, or other applicable license
agreement, including, without limitation, that your use is for
the sole purpose of programming logic devices manufactured by
Intel and sold by Intel or its authorized distributors.  Please
refer to the applicable agreement for further details.



+----------------------------------------------------------------------------------+
; Analysis & Synthesis Summary                                                     ;
+------------------------------------+---------------------------------------------+
; Analysis & Synthesis Status        ; Successful - Mon Aug 16 16:37:09 2021       ;
; Quartus Prime Version              ; 18.1.0 Build 625 09/12/2018 SJ Lite Edition ;
; Revision Name                      ; pipeFPA64                                   ;
; Top-level Entity Name              ; checker2                                    ;
; Family                             ; Cyclone IV E                                ;
; Total logic elements               ; 363                                         ;
;     Total combinational functions  ; 337                                         ;
;     Dedicated logic registers      ; 169                                         ;
; Total registers                    ; 169                                         ;
; Total pins                         ; 3                                           ;
; Total virtual pins                 ; 0                                           ;
; Total memory bits                  ; 0                                           ;
; Embedded Multiplier 9-bit elements ; 0                                           ;
; Total PLLs                         ; 0                                           ;
+------------------------------------+---------------------------------------------+


+------------------------------------------------------------------------------------------------------------+
; Analysis & Synthesis Settings                                                                              ;
+------------------------------------------------------------------+--------------------+--------------------+
; Option                                                           ; Setting            ; Default Value      ;
+------------------------------------------------------------------+--------------------+--------------------+
; Device                                                           ; EP4CE22F17C6       ;                    ;
; Top-level entity name                                            ; checker2           ; pipeFPA64          ;
; Family name                                                      ; Cyclone IV E       ; Cyclone V          ;
; Use smart compilation                                            ; Off                ; Off                ;
; Enable parallel Assembler and Timing Analyzer during compilation ; On                 ; On                 ;
; Enable compact report table                                      ; Off                ; Off                ;
; Restructure Multiplexers                                         ; Auto               ; Auto               ;
; Create Debugging Nodes for IP Cores                              ; Off                ; Off                ;
; Preserve fewer node names                                        ; On                 ; On                 ;
; Intel FPGA IP Evaluation Mode                                    ; Enable             ; Enable             ;
; Verilog Version                                                  ; Verilog_2001       ; Verilog_2001       ;
; VHDL Version                                                     ; VHDL_1993          ; VHDL_1993          ;
; State Machine Processing                                         ; Auto               ; Auto               ;
; Safe State Machine                                               ; Off                ; Off                ;
; Extract Verilog State Machines                                   ; On                 ; On                 ;
; Extract VHDL State Machines                                      ; On                 ; On                 ;
; Ignore Verilog initial constructs                                ; Off                ; Off                ;
; Iteration limit for constant Verilog loops                       ; 5000               ; 5000               ;
; Iteration limit for non-constant Verilog loops                   ; 250                ; 250                ;
; Add Pass-Through Logic to Inferred RAMs                          ; On                 ; On                 ;
; Infer RAMs from Raw Logic                                        ; On                 ; On                 ;
; Parallel Synthesis                                               ; On                 ; On                 ;
; DSP Block Balancing                                              ; Auto               ; Auto               ;
; NOT Gate Push-Back                                               ; On                 ; On                 ;
; Power-Up Don't Care                                              ; On                 ; On                 ;
; Remove Redundant Logic Cells                                     ; Off                ; Off                ;
; Remove Duplicate Registers                                       ; On                 ; On                 ;
; Ignore CARRY Buffers                                             ; Off                ; Off                ;
; Ignore CASCADE Buffers                                           ; Off                ; Off                ;
; Ignore GLOBAL Buffers                                            ; Off                ; Off                ;
; Ignore ROW GLOBAL Buffers                                        ; Off                ; Off                ;
; Ignore LCELL Buffers                                             ; Off                ; Off                ;
; Ignore SOFT Buffers                                              ; On                 ; On                 ;
; Limit AHDL Integers to 32 Bits                                   ; Off                ; Off                ;
; Optimization Technique                                           ; Balanced           ; Balanced           ;
; Carry Chain Length                                               ; 70                 ; 70                 ;
; Auto Carry Chains                                                ; On                 ; On                 ;
; Auto Open-Drain Pins                                             ; On                 ; On                 ;
; Perform WYSIWYG Primitive Resynthesis                            ; Off                ; Off                ;
; Auto ROM Replacement                                             ; On                 ; On                 ;
; Auto RAM Replacement                                             ; On                 ; On                 ;
; Auto DSP Block Replacement                                       ; On                 ; On                 ;
; Auto Shift Register Replacement                                  ; Auto               ; Auto               ;
; Allow Shift Register Merging across Hierarchies                  ; Auto               ; Auto               ;
; Auto Clock Enable Replacement                                    ; On                 ; On                 ;
; Strict RAM Replacement                                           ; Off                ; Off                ;
; Allow Synchronous Control Signals                                ; On                 ; On                 ;
; Force Use of Synchronous Clear Signals                           ; Off                ; Off                ;
; Auto RAM Block Balancing                                         ; On                 ; On                 ;
; Auto RAM to Logic Cell Conversion                                ; Off                ; Off                ;
; Auto Resource Sharing                                            ; Off                ; Off                ;
; Allow Any RAM Size For Recognition                               ; Off                ; Off                ;
; Allow Any ROM Size For Recognition                               ; Off                ; Off                ;
; Allow Any Shift Register Size For Recognition                    ; Off                ; Off                ;
; Use LogicLock Constraints during Resource Balancing              ; On                 ; On                 ;
; Ignore translate_off and synthesis_off directives                ; Off                ; Off                ;
; Timing-Driven Synthesis                                          ; On                 ; On                 ;
; Report Parameter Settings                                        ; On                 ; On                 ;
; Report Source Assignments                                        ; On                 ; On                 ;
; Report Connectivity Checks                                       ; On                 ; On                 ;
; Ignore Maximum Fan-Out Assignments                               ; Off                ; Off                ;
; Synchronization Register Chain Length                            ; 2                  ; 2                  ;
; Power Optimization During Synthesis                              ; Normal compilation ; Normal compilation ;
; HDL message level                                                ; Level2             ; Level2             ;
; Suppress Register Optimization Related Messages                  ; Off                ; Off                ;
; Number of Removed Registers Reported in Synthesis Report         ; 5000               ; 5000               ;
; Number of Swept Nodes Reported in Synthesis Report               ; 5000               ; 5000               ;
; Number of Inverted Registers Reported in Synthesis Report        ; 100                ; 100                ;
; Clock MUX Protection                                             ; On                 ; On                 ;
; Auto Gated Clock Conversion                                      ; Off                ; Off                ;
; Block Design Naming                                              ; Auto               ; Auto               ;
; SDC constraint protection                                        ; Off                ; Off                ;
; Synthesis Effort                                                 ; Auto               ; Auto               ;
; Shift Register Replacement - Allow Asynchronous Clear Signal     ; On                 ; On                 ;
; Pre-Mapping Resynthesis Optimization                             ; Off                ; Off                ;
; Analysis & Synthesis Message Level                               ; Medium             ; Medium             ;
; Disable Register Merging Across Hierarchies                      ; Auto               ; Auto               ;
; Resource Aware Inference For Block RAM                           ; On                 ; On                 ;
+------------------------------------------------------------------+--------------------+--------------------+


+------------------------------------------+
; Parallel Compilation                     ;
+----------------------------+-------------+
; Processors                 ; Number      ;
+----------------------------+-------------+
; Number detected on machine ; 8           ;
; Maximum allowed            ; 8           ;
;                            ;             ;
; Average used               ; 1.00        ;
; Maximum used               ; 8           ;
;                            ;             ;
; Usage by Processor         ; % Time Used ;
;     Processor 1            ; 100.0%      ;
;     Processors 2-8         ;   0.0%      ;
+----------------------------+-------------+


+----------------------------------------------------------------------------------------------------------------------------------------------------+
; Analysis & Synthesis Source Files Read                                                                                                             ;
+----------------------------------+-----------------+------------------------+------------------------------------------------------------+---------+
; File Name with User-Entered Path ; Used in Netlist ; File Type              ; File Name with Absolute Path                               ; Library ;
+----------------------------------+-----------------+------------------------+------------------------------------------------------------+---------+
; OP.v                             ; yes             ; User Verilog HDL File  ; D:/IITB Files/Placement/selfprojects/pipeFPA64/OP.v        ;         ;
; START.v                          ; yes             ; User Verilog HDL File  ; D:/IITB Files/Placement/selfprojects/pipeFPA64/START.v     ;         ;
; SHIFT.v                          ; yes             ; User Verilog HDL File  ; D:/IITB Files/Placement/selfprojects/pipeFPA64/SHIFT.v     ;         ;
; pipeFPA64.v                      ; yes             ; User Verilog HDL File  ; D:/IITB Files/Placement/selfprojects/pipeFPA64/pipeFPA64.v ;         ;
; NEGPOS.v                         ; yes             ; User Verilog HDL File  ; D:/IITB Files/Placement/selfprojects/pipeFPA64/NEGPOS.v    ;         ;
; checker2.v                       ; yes             ; User Verilog HDL File  ; D:/IITB Files/Placement/selfprojects/pipeFPA64/checker2.v  ;         ;
+----------------------------------+-----------------+------------------------+------------------------------------------------------------+---------+


+---------------------------------------------------------+
; Analysis & Synthesis Resource Usage Summary             ;
+---------------------------------------------+-----------+
; Resource                                    ; Usage     ;
+---------------------------------------------+-----------+
; Estimated Total logic elements              ; 363       ;
;                                             ;           ;
; Total combinational functions               ; 337       ;
; Logic element usage by number of LUT inputs ;           ;
;     -- 4 input functions                    ; 169       ;
;     -- 3 input functions                    ; 80        ;
;     -- <=2 input functions                  ; 88        ;
;                                             ;           ;
; Logic elements by mode                      ;           ;
;     -- normal mode                          ; 248       ;
;     -- arithmetic mode                      ; 89        ;
;                                             ;           ;
; Total registers                             ; 169       ;
;     -- Dedicated logic registers            ; 169       ;
;     -- I/O registers                        ; 0         ;
;                                             ;           ;
; I/O pins                                    ; 3         ;
;                                             ;           ;
; Embedded Multiplier 9-bit elements          ; 0         ;
;                                             ;           ;
; Maximum fan-out node                        ; clk~input ;
; Maximum fan-out                             ; 169       ;
; Total fan-out                               ; 1450      ;
; Average fan-out                             ; 2.83      ;
+---------------------------------------------+-----------+


+------------------------------------------------------------------------------------------------------------------------------------------------------------------------------------------------------------------------+
; Analysis & Synthesis Resource Utilization by Entity                                                                                                                                                                    ;
+----------------------------+---------------------+---------------------------+-------------+--------------+---------+-----------+------+--------------+-----------------------------------+-------------+--------------+
; Compilation Hierarchy Node ; Combinational ALUTs ; Dedicated Logic Registers ; Memory Bits ; DSP Elements ; DSP 9x9 ; DSP 18x18 ; Pins ; Virtual Pins ; Full Hierarchy Name               ; Entity Name ; Library Name ;
+----------------------------+---------------------+---------------------------+-------------+--------------+---------+-----------+------+--------------+-----------------------------------+-------------+--------------+
; |checker2                  ; 337 (56)            ; 169 (21)                  ; 0           ; 0            ; 0       ; 0         ; 3    ; 0            ; |checker2                         ; checker2    ; work         ;
;    |pipeFPA64:fpa|         ; 281 (15)            ; 148 (148)                 ; 0           ; 0            ; 0       ; 0         ; 0    ; 0            ; |checker2|pipeFPA64:fpa           ; pipeFPA64   ; work         ;
;       |NEGPOS:s2|          ; 126 (126)           ; 0 (0)                     ; 0           ; 0            ; 0       ; 0         ; 0    ; 0            ; |checker2|pipeFPA64:fpa|NEGPOS:s2 ; NEGPOS      ; work         ;
;       |OP:s3|              ; 101 (101)           ; 0 (0)                     ; 0           ; 0            ; 0       ; 0         ; 0    ; 0            ; |checker2|pipeFPA64:fpa|OP:s3     ; OP          ; work         ;
;       |SHIFT:s4|           ; 11 (11)             ; 0 (0)                     ; 0           ; 0            ; 0       ; 0         ; 0    ; 0            ; |checker2|pipeFPA64:fpa|SHIFT:s4  ; SHIFT       ; work         ;
;       |START:s1|           ; 28 (28)             ; 0 (0)                     ; 0           ; 0            ; 0       ; 0         ; 0    ; 0            ; |checker2|pipeFPA64:fpa|START:s1  ; START       ; work         ;
+----------------------------+---------------------+---------------------------+-------------+--------------+---------+-----------+------+--------------+-----------------------------------+-------------+--------------+
Note: For table entries with two numbers listed, the numbers in parentheses indicate the number of resources of the given type used by the specific entity alone. The numbers listed outside of parentheses indicate the total resources of the given type used by the specific entity and all of its sub-entities in the hierarchy.


+--------------------------------------------------------------------------------------------+
; Registers Removed During Synthesis                                                         ;
+-----------------------------------------+--------------------------------------------------+
; Register name                           ; Reason for Removal                               ;
+-----------------------------------------+--------------------------------------------------+
; expected_result[0..46,55..61]           ; Stuck at GND due to stuck port data_in           ;
; rst                                     ; Stuck at VCC due to stuck port data_in           ;
; pipeFPA64:fpa|reg_s1_s2_smallreg[52]    ; Stuck at VCC due to stuck port data_in           ;
; pipeFPA64:fpa|reg_s1_s2_smallreg[53]    ; Stuck at GND due to stuck port data_in           ;
; pipeFPA64:fpa|reg_s1_s2_bigreg[52]      ; Stuck at VCC due to stuck port data_in           ;
; pipeFPA64:fpa|reg_s1_s2_bigreg[53]      ; Stuck at GND due to stuck port data_in           ;
; pipeFPA64:fpa|reg_s2_s3_bigreg[52]      ; Stuck at VCC due to stuck port data_in           ;
; pipeFPA64:fpa|reg_s2_s3_bigreg[53]      ; Stuck at GND due to stuck port data_in           ;
; number2[0..46,48,51]                    ; Stuck at GND due to stuck port data_in           ;
; number1[0..46]                          ; Stuck at GND due to stuck port data_in           ;
; number1[54]                             ; Stuck at VCC due to stuck port data_in           ;
; pipeFPA64:fpa|reg_s1_s2_smallreg[0..46] ; Stuck at GND due to stuck port data_in           ;
; pipeFPA64:fpa|reg_s1_s2_bigreg[0..46]   ; Stuck at GND due to stuck port data_in           ;
; pipeFPA64:fpa|reg_s2_s3_bigreg[0..46]   ; Stuck at GND due to stuck port data_in           ;
; expected_result[51]                     ; Merged with expected_result[63]                  ;
; expected_result[47]                     ; Merged with expected_result[54]                  ;
; expected_result[49,50]                  ; Merged with expected_result[53]                  ;
; expected_result[48]                     ; Merged with expected_result[52]                  ;
; number2[49]                             ; Merged with number2[47]                          ;
; number1[47,49,50]                       ; Merged with number2[47]                          ;
; number1[62]                             ; Merged with number2[50]                          ;
; number2[56..61]                         ; Merged with number2[55]                          ;
; number1[51]                             ; Merged with number1[48]                          ;
; number1[55..61,63]                      ; Merged with number1[53]                          ;
; pipeFPA64:fpa|reg_s2_s3_bigreg[51]      ; Merged with pipeFPA64:fpa|reg_s2_s3_bigreg[48]   ;
; pipeFPA64:fpa|reg_s2_s3_bigreg[49]      ; Merged with pipeFPA64:fpa|reg_s2_s3_bigreg[47]   ;
; pipeFPA64:fpa|reg_s1_s2_smallreg[51]    ; Merged with pipeFPA64:fpa|reg_s1_s2_smallreg[48] ;
; pipeFPA64:fpa|reg_s1_s2_bigreg[49]      ; Merged with pipeFPA64:fpa|reg_s1_s2_bigreg[47]   ;
; pipeFPA64:fpa|reg_s1_s2_smallreg[47,49] ; Merged with pipeFPA64:fpa|reg_s1_s2_bigreg[47]   ;
; pipeFPA64:fpa|reg_s1_s2_bigreg[51]      ; Merged with pipeFPA64:fpa|reg_s1_s2_bigreg[48]   ;
; pipeFPA64:fpa|reg_s2_s3_smallreg[53]    ; Stuck at GND due to stuck port data_in           ;
; number1[53]                             ; Merged with number2[50]                          ;
; number2[63]                             ; Merged with number2[52]                          ;
; number2[62]                             ; Merged with number2[55]                          ;
; number1[52]                             ; Merged with number1[48]                          ;
; pipeFPA64:fpa|reg_s1_s2_bigshift[5..10] ; Merged with pipeFPA64:fpa|reg_s1_s2_bigshift[4]  ;
; pipeFPA64:fpa|reg_s2_s3_bigshift[4..9]  ; Merged with pipeFPA64:fpa|reg_s2_s3_bigshift[10] ;
; pipeFPA64:fpa|reg_s3_s4_bigshift[4..9]  ; Merged with pipeFPA64:fpa|reg_s3_s4_bigshift[10] ;
; Total Number of Removed Registers = 354 ;                                                  ;
+-----------------------------------------+--------------------------------------------------+


+-------------------------------------------------------------------------------------------------------------------------+
; Removed Registers Triggering Further Register Optimizations                                                             ;
+---------------+---------------------------+-----------------------------------------------------------------------------+
; Register name ; Reason for Removal        ; Registers Removed due to This Register                                      ;
+---------------+---------------------------+-----------------------------------------------------------------------------+
; rst           ; Stuck at VCC              ; pipeFPA64:fpa|reg_s1_s2_smallreg[52], pipeFPA64:fpa|reg_s1_s2_smallreg[53], ;
;               ; due to stuck port data_in ; pipeFPA64:fpa|reg_s1_s2_bigreg[52], pipeFPA64:fpa|reg_s1_s2_bigreg[53],     ;
;               ;                           ; pipeFPA64:fpa|reg_s2_s3_bigreg[52], pipeFPA64:fpa|reg_s2_s3_bigreg[53],     ;
;               ;                           ; pipeFPA64:fpa|reg_s1_s2_smallreg[0], pipeFPA64:fpa|reg_s1_s2_smallreg[1],   ;
;               ;                           ; pipeFPA64:fpa|reg_s1_s2_smallreg[2], pipeFPA64:fpa|reg_s1_s2_smallreg[3],   ;
;               ;                           ; pipeFPA64:fpa|reg_s1_s2_smallreg[4], pipeFPA64:fpa|reg_s1_s2_smallreg[5],   ;
;               ;                           ; pipeFPA64:fpa|reg_s1_s2_smallreg[6], pipeFPA64:fpa|reg_s1_s2_smallreg[7],   ;
;               ;                           ; pipeFPA64:fpa|reg_s1_s2_smallreg[8], pipeFPA64:fpa|reg_s1_s2_smallreg[9],   ;
;               ;                           ; pipeFPA64:fpa|reg_s1_s2_smallreg[10], pipeFPA64:fpa|reg_s1_s2_smallreg[11], ;
;               ;                           ; pipeFPA64:fpa|reg_s1_s2_smallreg[12], pipeFPA64:fpa|reg_s1_s2_smallreg[13], ;
;               ;                           ; pipeFPA64:fpa|reg_s1_s2_smallreg[14], pipeFPA64:fpa|reg_s1_s2_smallreg[15], ;
;               ;                           ; pipeFPA64:fpa|reg_s1_s2_smallreg[16], pipeFPA64:fpa|reg_s1_s2_smallreg[17], ;
;               ;                           ; pipeFPA64:fpa|reg_s1_s2_smallreg[18], pipeFPA64:fpa|reg_s1_s2_smallreg[19], ;
;               ;                           ; pipeFPA64:fpa|reg_s1_s2_smallreg[20], pipeFPA64:fpa|reg_s1_s2_smallreg[21], ;
;               ;                           ; pipeFPA64:fpa|reg_s1_s2_smallreg[22], pipeFPA64:fpa|reg_s1_s2_smallreg[23], ;
;               ;                           ; pipeFPA64:fpa|reg_s1_s2_smallreg[24], pipeFPA64:fpa|reg_s1_s2_smallreg[25], ;
;               ;                           ; pipeFPA64:fpa|reg_s1_s2_smallreg[26], pipeFPA64:fpa|reg_s1_s2_smallreg[27], ;
;               ;                           ; pipeFPA64:fpa|reg_s1_s2_smallreg[28], pipeFPA64:fpa|reg_s1_s2_smallreg[29], ;
;               ;                           ; pipeFPA64:fpa|reg_s1_s2_smallreg[30], pipeFPA64:fpa|reg_s1_s2_smallreg[31], ;
;               ;                           ; pipeFPA64:fpa|reg_s1_s2_smallreg[32], pipeFPA64:fpa|reg_s1_s2_smallreg[33], ;
;               ;                           ; pipeFPA64:fpa|reg_s1_s2_smallreg[34], pipeFPA64:fpa|reg_s1_s2_smallreg[35], ;
;               ;                           ; pipeFPA64:fpa|reg_s1_s2_smallreg[36], pipeFPA64:fpa|reg_s1_s2_smallreg[37], ;
;               ;                           ; pipeFPA64:fpa|reg_s1_s2_smallreg[38], pipeFPA64:fpa|reg_s1_s2_smallreg[39], ;
;               ;                           ; pipeFPA64:fpa|reg_s1_s2_smallreg[40], pipeFPA64:fpa|reg_s1_s2_smallreg[41], ;
;               ;                           ; pipeFPA64:fpa|reg_s1_s2_smallreg[42], pipeFPA64:fpa|reg_s1_s2_smallreg[43], ;
;               ;                           ; pipeFPA64:fpa|reg_s1_s2_smallreg[44], pipeFPA64:fpa|reg_s1_s2_smallreg[45], ;
;               ;                           ; pipeFPA64:fpa|reg_s1_s2_smallreg[46], pipeFPA64:fpa|reg_s1_s2_bigreg[0],    ;
;               ;                           ; pipeFPA64:fpa|reg_s1_s2_bigreg[1], pipeFPA64:fpa|reg_s1_s2_bigreg[2],       ;
;               ;                           ; pipeFPA64:fpa|reg_s1_s2_bigreg[3], pipeFPA64:fpa|reg_s1_s2_bigreg[4],       ;
;               ;                           ; pipeFPA64:fpa|reg_s1_s2_bigreg[5], pipeFPA64:fpa|reg_s1_s2_bigreg[6],       ;
;               ;                           ; pipeFPA64:fpa|reg_s1_s2_bigreg[7], pipeFPA64:fpa|reg_s1_s2_bigreg[8],       ;
;               ;                           ; pipeFPA64:fpa|reg_s1_s2_bigreg[9], pipeFPA64:fpa|reg_s1_s2_bigreg[10],      ;
;               ;                           ; pipeFPA64:fpa|reg_s1_s2_bigreg[11], pipeFPA64:fpa|reg_s1_s2_bigreg[12],     ;
;               ;                           ; pipeFPA64:fpa|reg_s1_s2_bigreg[13], pipeFPA64:fpa|reg_s1_s2_bigreg[14],     ;
;               ;                           ; pipeFPA64:fpa|reg_s1_s2_bigreg[15], pipeFPA64:fpa|reg_s1_s2_bigreg[16],     ;
;               ;                           ; pipeFPA64:fpa|reg_s1_s2_bigreg[17], pipeFPA64:fpa|reg_s1_s2_bigreg[18],     ;
;               ;                           ; pipeFPA64:fpa|reg_s1_s2_bigreg[19], pipeFPA64:fpa|reg_s1_s2_bigreg[20],     ;
;               ;                           ; pipeFPA64:fpa|reg_s1_s2_bigreg[21], pipeFPA64:fpa|reg_s1_s2_bigreg[22],     ;
;               ;                           ; pipeFPA64:fpa|reg_s1_s2_bigreg[23], pipeFPA64:fpa|reg_s1_s2_bigreg[24],     ;
;               ;                           ; pipeFPA64:fpa|reg_s1_s2_bigreg[25], pipeFPA64:fpa|reg_s1_s2_bigreg[26],     ;
;               ;                           ; pipeFPA64:fpa|reg_s1_s2_bigreg[27], pipeFPA64:fpa|reg_s1_s2_bigreg[28],     ;
;               ;                           ; pipeFPA64:fpa|reg_s1_s2_bigreg[29], pipeFPA64:fpa|reg_s1_s2_bigreg[30],     ;
;               ;                           ; pipeFPA64:fpa|reg_s1_s2_bigreg[31], pipeFPA64:fpa|reg_s1_s2_bigreg[32],     ;
;               ;                           ; pipeFPA64:fpa|reg_s1_s2_bigreg[33], pipeFPA64:fpa|reg_s1_s2_bigreg[34],     ;
;               ;                           ; pipeFPA64:fpa|reg_s1_s2_bigreg[35], pipeFPA64:fpa|reg_s1_s2_bigreg[36],     ;
;               ;                           ; pipeFPA64:fpa|reg_s1_s2_bigreg[37], pipeFPA64:fpa|reg_s1_s2_bigreg[38],     ;
;               ;                           ; pipeFPA64:fpa|reg_s1_s2_bigreg[39], pipeFPA64:fpa|reg_s1_s2_bigreg[40],     ;
;               ;                           ; pipeFPA64:fpa|reg_s1_s2_bigreg[41], pipeFPA64:fpa|reg_s1_s2_bigreg[42],     ;
;               ;                           ; pipeFPA64:fpa|reg_s1_s2_bigreg[43], pipeFPA64:fpa|reg_s1_s2_bigreg[44],     ;
;               ;                           ; pipeFPA64:fpa|reg_s1_s2_bigreg[45], pipeFPA64:fpa|reg_s1_s2_bigreg[46],     ;
;               ;                           ; pipeFPA64:fpa|reg_s2_s3_bigreg[0], pipeFPA64:fpa|reg_s2_s3_bigreg[1],       ;
;               ;                           ; pipeFPA64:fpa|reg_s2_s3_bigreg[2], pipeFPA64:fpa|reg_s2_s3_bigreg[3],       ;
;               ;                           ; pipeFPA64:fpa|reg_s2_s3_bigreg[4], pipeFPA64:fpa|reg_s2_s3_bigreg[5],       ;
;               ;                           ; pipeFPA64:fpa|reg_s2_s3_bigreg[6], pipeFPA64:fpa|reg_s2_s3_bigreg[7],       ;
;               ;                           ; pipeFPA64:fpa|reg_s2_s3_bigreg[8], pipeFPA64:fpa|reg_s2_s3_bigreg[9],       ;
;               ;                           ; pipeFPA64:fpa|reg_s2_s3_bigreg[10], pipeFPA64:fpa|reg_s2_s3_bigreg[11],     ;
;               ;                           ; pipeFPA64:fpa|reg_s2_s3_bigreg[12], pipeFPA64:fpa|reg_s2_s3_bigreg[13],     ;
;               ;                           ; pipeFPA64:fpa|reg_s2_s3_bigreg[14], pipeFPA64:fpa|reg_s2_s3_bigreg[15],     ;
;               ;                           ; pipeFPA64:fpa|reg_s2_s3_bigreg[16], pipeFPA64:fpa|reg_s2_s3_bigreg[17],     ;
;               ;                           ; pipeFPA64:fpa|reg_s2_s3_bigreg[18], pipeFPA64:fpa|reg_s2_s3_bigreg[19],     ;
;               ;                           ; pipeFPA64:fpa|reg_s2_s3_bigreg[20], pipeFPA64:fpa|reg_s2_s3_bigreg[21],     ;
;               ;                           ; pipeFPA64:fpa|reg_s2_s3_bigreg[22], pipeFPA64:fpa|reg_s2_s3_bigreg[23],     ;
;               ;                           ; pipeFPA64:fpa|reg_s2_s3_bigreg[24], pipeFPA64:fpa|reg_s2_s3_bigreg[25],     ;
;               ;                           ; pipeFPA64:fpa|reg_s2_s3_bigreg[26], pipeFPA64:fpa|reg_s2_s3_bigreg[27],     ;
;               ;                           ; pipeFPA64:fpa|reg_s2_s3_bigreg[28], pipeFPA64:fpa|reg_s2_s3_bigreg[29],     ;
;               ;                           ; pipeFPA64:fpa|reg_s2_s3_bigreg[30], pipeFPA64:fpa|reg_s2_s3_bigreg[31],     ;
;               ;                           ; pipeFPA64:fpa|reg_s2_s3_bigreg[32], pipeFPA64:fpa|reg_s2_s3_bigreg[33],     ;
;               ;                           ; pipeFPA64:fpa|reg_s2_s3_bigreg[34], pipeFPA64:fpa|reg_s2_s3_bigreg[35],     ;
;               ;                           ; pipeFPA64:fpa|reg_s2_s3_bigreg[36], pipeFPA64:fpa|reg_s2_s3_bigreg[37],     ;
;               ;                           ; pipeFPA64:fpa|reg_s2_s3_bigreg[38], pipeFPA64:fpa|reg_s2_s3_bigreg[39],     ;
;               ;                           ; pipeFPA64:fpa|reg_s2_s3_bigreg[40], pipeFPA64:fpa|reg_s2_s3_bigreg[41],     ;
;               ;                           ; pipeFPA64:fpa|reg_s2_s3_bigreg[42], pipeFPA64:fpa|reg_s2_s3_bigreg[43],     ;
;               ;                           ; pipeFPA64:fpa|reg_s2_s3_bigreg[44], pipeFPA64:fpa|reg_s2_s3_bigreg[45],     ;
;               ;                           ; pipeFPA64:fpa|reg_s2_s3_bigreg[46], pipeFPA64:fpa|reg_s2_s3_smallreg[53]    ;
+---------------+---------------------------+-----------------------------------------------------------------------------+


+------------------------------------------------------+
; General Register Statistics                          ;
+----------------------------------------------+-------+
; Statistic                                    ; Value ;
+----------------------------------------------+-------+
; Total registers                              ; 169   ;
; Number of registers using Synchronous Clear  ; 0     ;
; Number of registers using Synchronous Load   ; 7     ;
; Number of registers using Asynchronous Clear ; 0     ;
; Number of registers using Asynchronous Load  ; 0     ;
; Number of registers using Clock Enable       ; 7     ;
; Number of registers using Preset             ; 0     ;
+----------------------------------------------+-------+


+--------------------------------------------------+
; Inverted Register Statistics                     ;
+----------------------------------------+---------+
; Inverted Register                      ; Fan out ;
+----------------------------------------+---------+
; expected_result[54]                    ; 2       ;
; expected_result[53]                    ; 3       ;
; expected_result[62]                    ; 1       ;
; number2[50]                            ; 14      ;
; number2[54]                            ; 5       ;
; number2[52]                            ; 11      ;
; number2[47]                            ; 5       ;
; Total number of inverted registers = 7 ;         ;
+----------------------------------------+---------+


+--------------------------------------------------------------------------------------------------------------------------------------------------------------+
; Multiplexer Restructuring Statistics (Restructuring Performed)                                                                                               ;
+--------------------+-----------+---------------+----------------------+------------------------+------------+------------------------------------------------+
; Multiplexer Inputs ; Bus Width ; Baseline Area ; Area if Restructured ; Saving if Restructured ; Registered ; Example Multiplexer Output                     ;
+--------------------+-----------+---------------+----------------------+------------------------+------------+------------------------------------------------+
; 4:1                ; 16 bits   ; 32 LEs        ; 16 LEs               ; 16 LEs                 ; Yes        ; |checker2|pipeFPA64:fpa|reg_s2_s3_smallreg[3]  ;
; 4:1                ; 16 bits   ; 32 LEs        ; 32 LEs               ; 0 LEs                  ; Yes        ; |checker2|pipeFPA64:fpa|reg_s2_s3_smallreg[36] ;
; 4:1                ; 4 bits    ; 8 LEs         ; 8 LEs                ; 0 LEs                  ; Yes        ; |checker2|pipeFPA64:fpa|reg_s2_s3_smallreg[47] ;
; 5:1                ; 11 bits   ; 33 LEs        ; 11 LEs               ; 22 LEs                 ; Yes        ; |checker2|pipeFPA64:fpa|reg_s2_s3_smallreg[24] ;
; 5:1                ; 4 bits    ; 12 LEs        ; 8 LEs                ; 4 LEs                  ; Yes        ; |checker2|pipeFPA64:fpa|reg_s2_s3_smallreg[16] ;
+--------------------+-----------+---------------+----------------------+------------------------+------------+------------------------------------------------+


+--------------------------------------------------------------------------------------------------------------------------------------+
; Port Connectivity Checks: "pipeFPA64:fpa"                                                                                            ;
+-------+--------+----------+----------------------------------------------------------------------------------------------------------+
; Port  ; Type   ; Severity ; Details                                                                                                  ;
+-------+--------+----------+----------------------------------------------------------------------------------------------------------+
; ready ; Output ; Warning  ; Declared by entity but not connected by instance. Logic that only feeds a dangling port will be removed. ;
+-------+--------+----------+----------------------------------------------------------------------------------------------------------+


+-----------------------------------------------------+
; Post-Synthesis Netlist Statistics for Top Partition ;
+-----------------------+-----------------------------+
; Type                  ; Count                       ;
+-----------------------+-----------------------------+
; boundary_port         ; 3                           ;
; cycloneiii_ff         ; 169                         ;
;     ENA               ; 7                           ;
;     SLD               ; 7                           ;
;     plain             ; 155                         ;
; cycloneiii_lcell_comb ; 338                         ;
;     arith             ; 89                          ;
;         2 data inputs ; 59                          ;
;         3 data inputs ; 30                          ;
;     normal            ; 249                         ;
;         0 data inputs ; 2                           ;
;         1 data inputs ; 3                           ;
;         2 data inputs ; 25                          ;
;         3 data inputs ; 50                          ;
;         4 data inputs ; 169                         ;
;                       ;                             ;
; Max LUT depth         ; 7.00                        ;
; Average LUT depth     ; 4.60                        ;
+-----------------------+-----------------------------+


+-------------------------------+
; Elapsed Time Per Partition    ;
+----------------+--------------+
; Partition Name ; Elapsed Time ;
+----------------+--------------+
; Top            ; 00:00:01     ;
+----------------+--------------+


+-------------------------------+
; Analysis & Synthesis Messages ;
+-------------------------------+
Info: *******************************************************************
Info: Running Quartus Prime Analysis & Synthesis
    Info: Version 18.1.0 Build 625 09/12/2018 SJ Lite Edition
    Info: Processing started: Mon Aug 16 16:36:53 2021
Info: Command: quartus_map --read_settings_files=on --write_settings_files=off pipeFPA64 -c pipeFPA64
Warning (18236): Number of processors has not been specified which may cause overloading on shared machines.  Set the global assignment NUM_PARALLEL_PROCESSORS in your QSF to an appropriate value for best performance.
Info (20030): Parallel compilation is enabled and will use 8 of the 8 processors detected
Info (12021): Found 1 design units, including 1 entities, in source file op.v
    Info (12023): Found entity 1: OP File: D:/IITB Files/Placement/selfprojects/pipeFPA64/OP.v Line: 1
Info (12021): Found 1 design units, including 1 entities, in source file testfpa.v
    Info (12023): Found entity 1: testFPA File: D:/IITB Files/Placement/selfprojects/pipeFPA64/testFPA.v Line: 2
Info (12021): Found 1 design units, including 1 entities, in source file testbench.v
    Info (12023): Found entity 1: testbench File: D:/IITB Files/Placement/selfprojects/pipeFPA64/testbench.v Line: 2
Info (12021): Found 1 design units, including 1 entities, in source file start.v
    Info (12023): Found entity 1: START File: D:/IITB Files/Placement/selfprojects/pipeFPA64/START.v Line: 1
Info (12021): Found 1 design units, including 1 entities, in source file shift.v
    Info (12023): Found entity 1: SHIFT File: D:/IITB Files/Placement/selfprojects/pipeFPA64/SHIFT.v Line: 1
Info (12021): Found 1 design units, including 1 entities, in source file pipefpa64.v
    Info (12023): Found entity 1: pipeFPA64 File: D:/IITB Files/Placement/selfprojects/pipeFPA64/pipeFPA64.v Line: 1
Info (12021): Found 1 design units, including 1 entities, in source file negpos.v
    Info (12023): Found entity 1: NEGPOS File: D:/IITB Files/Placement/selfprojects/pipeFPA64/NEGPOS.v Line: 1
Info (12021): Found 1 design units, including 1 entities, in source file checker2.v
    Info (12023): Found entity 1: checker2 File: D:/IITB Files/Placement/selfprojects/pipeFPA64/checker2.v Line: 7
Info (12127): Elaborating entity "checker2" for the top level hierarchy
Warning (10230): Verilog HDL assignment warning at checker2.v(53): truncated value with size 32 to match size of target (3) File: D:/IITB Files/Placement/selfprojects/pipeFPA64/checker2.v Line: 53
Info (12128): Elaborating entity "pipeFPA64" for hierarchy "pipeFPA64:fpa" File: D:/IITB Files/Placement/selfprojects/pipeFPA64/checker2.v Line: 44
Warning (10034): Output port "ready" at pipeFPA64.v(8) has no driver File: D:/IITB Files/Placement/selfprojects/pipeFPA64/pipeFPA64.v Line: 8
Info (12128): Elaborating entity "START" for hierarchy "pipeFPA64:fpa|START:s1" File: D:/IITB Files/Placement/selfprojects/pipeFPA64/pipeFPA64.v Line: 54
Info (12128): Elaborating entity "NEGPOS" for hierarchy "pipeFPA64:fpa|NEGPOS:s2" File: D:/IITB Files/Placement/selfprojects/pipeFPA64/pipeFPA64.v Line: 56
Info (12128): Elaborating entity "OP" for hierarchy "pipeFPA64:fpa|OP:s3" File: D:/IITB Files/Placement/selfprojects/pipeFPA64/pipeFPA64.v Line: 58
Info (12128): Elaborating entity "SHIFT" for hierarchy "pipeFPA64:fpa|SHIFT:s4" File: D:/IITB Files/Placement/selfprojects/pipeFPA64/pipeFPA64.v Line: 60
Warning (10036): Verilog HDL or VHDL warning at SHIFT.v(10): object "pos" assigned a value but never read File: D:/IITB Files/Placement/selfprojects/pipeFPA64/SHIFT.v Line: 10
Warning (10036): Verilog HDL or VHDL warning at SHIFT.v(15): object "zeros" assigned a value but never read File: D:/IITB Files/Placement/selfprojects/pipeFPA64/SHIFT.v Line: 15
Warning (10235): Verilog HDL Always Construct warning at SHIFT.v(48): variable "found" is read inside the Always Construct but isn't in the Always Construct's Event Control File: D:/IITB Files/Placement/selfprojects/pipeFPA64/SHIFT.v Line: 48
Warning (10230): Verilog HDL assignment warning at SHIFT.v(51): truncated value with size 32 to match size of target (6) File: D:/IITB Files/Placement/selfprojects/pipeFPA64/SHIFT.v Line: 51
Warning (10230): Verilog HDL assignment warning at SHIFT.v(53): truncated value with size 32 to match size of target (11) File: D:/IITB Files/Placement/selfprojects/pipeFPA64/SHIFT.v Line: 53
Warning (10235): Verilog HDL Always Construct warning at SHIFT.v(55): variable "found" is read inside the Always Construct but isn't in the Always Construct's Event Control File: D:/IITB Files/Placement/selfprojects/pipeFPA64/SHIFT.v Line: 55
Warning (10230): Verilog HDL assignment warning at SHIFT.v(58): truncated value with size 32 to match size of target (11) File: D:/IITB Files/Placement/selfprojects/pipeFPA64/SHIFT.v Line: 58
Warning (10240): Verilog HDL Always Construct warning at SHIFT.v(31): inferring latch(es) for variable "resMantissa", which holds its previous value in one or more paths through the always construct File: D:/IITB Files/Placement/selfprojects/pipeFPA64/SHIFT.v Line: 31
Warning (10240): Verilog HDL Always Construct warning at SHIFT.v(31): inferring latch(es) for variable "resExp", which holds its previous value in one or more paths through the always construct File: D:/IITB Files/Placement/selfprojects/pipeFPA64/SHIFT.v Line: 31
Warning (10240): Verilog HDL Always Construct warning at SHIFT.v(31): inferring latch(es) for variable "tempbigshift", which holds its previous value in one or more paths through the always construct File: D:/IITB Files/Placement/selfprojects/pipeFPA64/SHIFT.v Line: 31
Warning (10240): Verilog HDL Always Construct warning at SHIFT.v(31): inferring latch(es) for variable "tempresultreg", which holds its previous value in one or more paths through the always construct File: D:/IITB Files/Placement/selfprojects/pipeFPA64/SHIFT.v Line: 31
Warning (10240): Verilog HDL Always Construct warning at SHIFT.v(31): inferring latch(es) for variable "i", which holds its previous value in one or more paths through the always construct File: D:/IITB Files/Placement/selfprojects/pipeFPA64/SHIFT.v Line: 31
Warning (10240): Verilog HDL Always Construct warning at SHIFT.v(31): inferring latch(es) for variable "found", which holds its previous value in one or more paths through the always construct File: D:/IITB Files/Placement/selfprojects/pipeFPA64/SHIFT.v Line: 31
Info (10041): Inferred latch for "found" at SHIFT.v(38) File: D:/IITB Files/Placement/selfprojects/pipeFPA64/SHIFT.v Line: 38
Info (10041): Inferred latch for "resExp[0]" at SHIFT.v(38) File: D:/IITB Files/Placement/selfprojects/pipeFPA64/SHIFT.v Line: 38
Info (10041): Inferred latch for "resExp[1]" at SHIFT.v(38) File: D:/IITB Files/Placement/selfprojects/pipeFPA64/SHIFT.v Line: 38
Info (10041): Inferred latch for "resExp[2]" at SHIFT.v(38) File: D:/IITB Files/Placement/selfprojects/pipeFPA64/SHIFT.v Line: 38
Info (10041): Inferred latch for "resExp[3]" at SHIFT.v(38) File: D:/IITB Files/Placement/selfprojects/pipeFPA64/SHIFT.v Line: 38
Info (10041): Inferred latch for "resExp[4]" at SHIFT.v(38) File: D:/IITB Files/Placement/selfprojects/pipeFPA64/SHIFT.v Line: 38
Info (10041): Inferred latch for "resExp[5]" at SHIFT.v(38) File: D:/IITB Files/Placement/selfprojects/pipeFPA64/SHIFT.v Line: 38
Info (10041): Inferred latch for "resExp[6]" at SHIFT.v(38) File: D:/IITB Files/Placement/selfprojects/pipeFPA64/SHIFT.v Line: 38
Info (10041): Inferred latch for "resExp[7]" at SHIFT.v(38) File: D:/IITB Files/Placement/selfprojects/pipeFPA64/SHIFT.v Line: 38
Info (10041): Inferred latch for "resExp[8]" at SHIFT.v(38) File: D:/IITB Files/Placement/selfprojects/pipeFPA64/SHIFT.v Line: 38
Info (10041): Inferred latch for "resExp[9]" at SHIFT.v(38) File: D:/IITB Files/Placement/selfprojects/pipeFPA64/SHIFT.v Line: 38
Info (10041): Inferred latch for "resExp[10]" at SHIFT.v(38) File: D:/IITB Files/Placement/selfprojects/pipeFPA64/SHIFT.v Line: 38
Info (10041): Inferred latch for "resMantissa[0]" at SHIFT.v(38) File: D:/IITB Files/Placement/selfprojects/pipeFPA64/SHIFT.v Line: 38
Info (10041): Inferred latch for "resMantissa[1]" at SHIFT.v(38) File: D:/IITB Files/Placement/selfprojects/pipeFPA64/SHIFT.v Line: 38
Info (10041): Inferred latch for "resMantissa[2]" at SHIFT.v(38) File: D:/IITB Files/Placement/selfprojects/pipeFPA64/SHIFT.v Line: 38
Info (10041): Inferred latch for "resMantissa[3]" at SHIFT.v(38) File: D:/IITB Files/Placement/selfprojects/pipeFPA64/SHIFT.v Line: 38
Info (10041): Inferred latch for "resMantissa[4]" at SHIFT.v(38) File: D:/IITB Files/Placement/selfprojects/pipeFPA64/SHIFT.v Line: 38
Info (10041): Inferred latch for "resMantissa[5]" at SHIFT.v(38) File: D:/IITB Files/Placement/selfprojects/pipeFPA64/SHIFT.v Line: 38
Info (10041): Inferred latch for "resMantissa[6]" at SHIFT.v(38) File: D:/IITB Files/Placement/selfprojects/pipeFPA64/SHIFT.v Line: 38
Info (10041): Inferred latch for "resMantissa[7]" at SHIFT.v(38) File: D:/IITB Files/Placement/selfprojects/pipeFPA64/SHIFT.v Line: 38
Info (10041): Inferred latch for "resMantissa[8]" at SHIFT.v(38) File: D:/IITB Files/Placement/selfprojects/pipeFPA64/SHIFT.v Line: 38
Info (10041): Inferred latch for "resMantissa[9]" at SHIFT.v(38) File: D:/IITB Files/Placement/selfprojects/pipeFPA64/SHIFT.v Line: 38
Info (10041): Inferred latch for "resMantissa[10]" at SHIFT.v(38) File: D:/IITB Files/Placement/selfprojects/pipeFPA64/SHIFT.v Line: 38
Info (10041): Inferred latch for "resMantissa[11]" at SHIFT.v(38) File: D:/IITB Files/Placement/selfprojects/pipeFPA64/SHIFT.v Line: 38
Info (10041): Inferred latch for "resMantissa[12]" at SHIFT.v(38) File: D:/IITB Files/Placement/selfprojects/pipeFPA64/SHIFT.v Line: 38
Info (10041): Inferred latch for "resMantissa[13]" at SHIFT.v(38) File: D:/IITB Files/Placement/selfprojects/pipeFPA64/SHIFT.v Line: 38
Info (10041): Inferred latch for "resMantissa[14]" at SHIFT.v(38) File: D:/IITB Files/Placement/selfprojects/pipeFPA64/SHIFT.v Line: 38
Info (10041): Inferred latch for "resMantissa[15]" at SHIFT.v(38) File: D:/IITB Files/Placement/selfprojects/pipeFPA64/SHIFT.v Line: 38
Info (10041): Inferred latch for "resMantissa[16]" at SHIFT.v(38) File: D:/IITB Files/Placement/selfprojects/pipeFPA64/SHIFT.v Line: 38
Info (10041): Inferred latch for "resMantissa[17]" at SHIFT.v(38) File: D:/IITB Files/Placement/selfprojects/pipeFPA64/SHIFT.v Line: 38
Info (10041): Inferred latch for "resMantissa[18]" at SHIFT.v(38) File: D:/IITB Files/Placement/selfprojects/pipeFPA64/SHIFT.v Line: 38
Info (10041): Inferred latch for "resMantissa[19]" at SHIFT.v(38) File: D:/IITB Files/Placement/selfprojects/pipeFPA64/SHIFT.v Line: 38
Info (10041): Inferred latch for "resMantissa[20]" at SHIFT.v(38) File: D:/IITB Files/Placement/selfprojects/pipeFPA64/SHIFT.v Line: 38
Info (10041): Inferred latch for "resMantissa[21]" at SHIFT.v(38) File: D:/IITB Files/Placement/selfprojects/pipeFPA64/SHIFT.v Line: 38
Info (10041): Inferred latch for "resMantissa[22]" at SHIFT.v(38) File: D:/IITB Files/Placement/selfprojects/pipeFPA64/SHIFT.v Line: 38
Info (10041): Inferred latch for "resMantissa[23]" at SHIFT.v(38) File: D:/IITB Files/Placement/selfprojects/pipeFPA64/SHIFT.v Line: 38
Info (10041): Inferred latch for "resMantissa[24]" at SHIFT.v(38) File: D:/IITB Files/Placement/selfprojects/pipeFPA64/SHIFT.v Line: 38
Info (10041): Inferred latch for "resMantissa[25]" at SHIFT.v(38) File: D:/IITB Files/Placement/selfprojects/pipeFPA64/SHIFT.v Line: 38
Info (10041): Inferred latch for "resMantissa[26]" at SHIFT.v(38) File: D:/IITB Files/Placement/selfprojects/pipeFPA64/SHIFT.v Line: 38
Info (10041): Inferred latch for "resMantissa[27]" at SHIFT.v(38) File: D:/IITB Files/Placement/selfprojects/pipeFPA64/SHIFT.v Line: 38
Info (10041): Inferred latch for "resMantissa[28]" at SHIFT.v(38) File: D:/IITB Files/Placement/selfprojects/pipeFPA64/SHIFT.v Line: 38
Info (10041): Inferred latch for "resMantissa[29]" at SHIFT.v(38) File: D:/IITB Files/Placement/selfprojects/pipeFPA64/SHIFT.v Line: 38
Info (10041): Inferred latch for "resMantissa[30]" at SHIFT.v(38) File: D:/IITB Files/Placement/selfprojects/pipeFPA64/SHIFT.v Line: 38
Info (10041): Inferred latch for "resMantissa[31]" at SHIFT.v(38) File: D:/IITB Files/Placement/selfprojects/pipeFPA64/SHIFT.v Line: 38
Info (10041): Inferred latch for "resMantissa[32]" at SHIFT.v(38) File: D:/IITB Files/Placement/selfprojects/pipeFPA64/SHIFT.v Line: 38
Info (10041): Inferred latch for "resMantissa[33]" at SHIFT.v(38) File: D:/IITB Files/Placement/selfprojects/pipeFPA64/SHIFT.v Line: 38
Info (10041): Inferred latch for "resMantissa[34]" at SHIFT.v(38) File: D:/IITB Files/Placement/selfprojects/pipeFPA64/SHIFT.v Line: 38
Info (10041): Inferred latch for "resMantissa[35]" at SHIFT.v(38) File: D:/IITB Files/Placement/selfprojects/pipeFPA64/SHIFT.v Line: 38
Info (10041): Inferred latch for "resMantissa[36]" at SHIFT.v(38) File: D:/IITB Files/Placement/selfprojects/pipeFPA64/SHIFT.v Line: 38
Info (10041): Inferred latch for "resMantissa[37]" at SHIFT.v(38) File: D:/IITB Files/Placement/selfprojects/pipeFPA64/SHIFT.v Line: 38
Info (10041): Inferred latch for "resMantissa[38]" at SHIFT.v(38) File: D:/IITB Files/Placement/selfprojects/pipeFPA64/SHIFT.v Line: 38
Info (10041): Inferred latch for "resMantissa[39]" at SHIFT.v(38) File: D:/IITB Files/Placement/selfprojects/pipeFPA64/SHIFT.v Line: 38
Info (10041): Inferred latch for "resMantissa[40]" at SHIFT.v(38) File: D:/IITB Files/Placement/selfprojects/pipeFPA64/SHIFT.v Line: 38
Info (10041): Inferred latch for "resMantissa[41]" at SHIFT.v(38) File: D:/IITB Files/Placement/selfprojects/pipeFPA64/SHIFT.v Line: 38
Info (10041): Inferred latch for "resMantissa[42]" at SHIFT.v(38) File: D:/IITB Files/Placement/selfprojects/pipeFPA64/SHIFT.v Line: 38
Info (10041): Inferred latch for "resMantissa[43]" at SHIFT.v(38) File: D:/IITB Files/Placement/selfprojects/pipeFPA64/SHIFT.v Line: 38
Info (10041): Inferred latch for "resMantissa[44]" at SHIFT.v(38) File: D:/IITB Files/Placement/selfprojects/pipeFPA64/SHIFT.v Line: 38
Info (10041): Inferred latch for "resMantissa[45]" at SHIFT.v(38) File: D:/IITB Files/Placement/selfprojects/pipeFPA64/SHIFT.v Line: 38
Info (10041): Inferred latch for "resMantissa[46]" at SHIFT.v(38) File: D:/IITB Files/Placement/selfprojects/pipeFPA64/SHIFT.v Line: 38
Info (10041): Inferred latch for "resMantissa[47]" at SHIFT.v(38) File: D:/IITB Files/Placement/selfprojects/pipeFPA64/SHIFT.v Line: 38
Info (10041): Inferred latch for "resMantissa[48]" at SHIFT.v(38) File: D:/IITB Files/Placement/selfprojects/pipeFPA64/SHIFT.v Line: 38
Info (10041): Inferred latch for "resMantissa[49]" at SHIFT.v(38) File: D:/IITB Files/Placement/selfprojects/pipeFPA64/SHIFT.v Line: 38
Info (10041): Inferred latch for "resMantissa[50]" at SHIFT.v(38) File: D:/IITB Files/Placement/selfprojects/pipeFPA64/SHIFT.v Line: 38
Info (10041): Inferred latch for "resMantissa[51]" at SHIFT.v(38) File: D:/IITB Files/Placement/selfprojects/pipeFPA64/SHIFT.v Line: 38
Warning (14026): LATCH primitive "pipeFPA64:fpa|SHIFT:s4|resExp[8]" is permanently enabled File: D:/IITB Files/Placement/selfprojects/pipeFPA64/SHIFT.v Line: 38
Warning (14026): LATCH primitive "pipeFPA64:fpa|SHIFT:s4|resExp[7]" is permanently enabled File: D:/IITB Files/Placement/selfprojects/pipeFPA64/SHIFT.v Line: 38
Warning (14026): LATCH primitive "pipeFPA64:fpa|SHIFT:s4|resExp[6]" is permanently enabled File: D:/IITB Files/Placement/selfprojects/pipeFPA64/SHIFT.v Line: 38
Warning (14026): LATCH primitive "pipeFPA64:fpa|SHIFT:s4|resExp[5]" is permanently enabled File: D:/IITB Files/Placement/selfprojects/pipeFPA64/SHIFT.v Line: 38
Warning (14026): LATCH primitive "pipeFPA64:fpa|SHIFT:s4|resExp[4]" is permanently enabled File: D:/IITB Files/Placement/selfprojects/pipeFPA64/SHIFT.v Line: 38
Warning (14026): LATCH primitive "pipeFPA64:fpa|SHIFT:s4|resExp[3]" is permanently enabled File: D:/IITB Files/Placement/selfprojects/pipeFPA64/SHIFT.v Line: 38
Warning (14026): LATCH primitive "pipeFPA64:fpa|SHIFT:s4|resExp[2]" is permanently enabled File: D:/IITB Files/Placement/selfprojects/pipeFPA64/SHIFT.v Line: 38
Warning (14026): LATCH primitive "pipeFPA64:fpa|SHIFT:s4|resExp[1]" is permanently enabled File: D:/IITB Files/Placement/selfprojects/pipeFPA64/SHIFT.v Line: 38
Warning (14026): LATCH primitive "pipeFPA64:fpa|SHIFT:s4|resExp[0]" is permanently enabled File: D:/IITB Files/Placement/selfprojects/pipeFPA64/SHIFT.v Line: 38
Warning (14026): LATCH primitive "pipeFPA64:fpa|SHIFT:s4|resMantissa[51]" is permanently enabled File: D:/IITB Files/Placement/selfprojects/pipeFPA64/SHIFT.v Line: 38
Warning (14026): LATCH primitive "pipeFPA64:fpa|SHIFT:s4|resMantissa[50]" is permanently enabled File: D:/IITB Files/Placement/selfprojects/pipeFPA64/SHIFT.v Line: 38
Warning (14026): LATCH primitive "pipeFPA64:fpa|SHIFT:s4|resMantissa[49]" is permanently enabled File: D:/IITB Files/Placement/selfprojects/pipeFPA64/SHIFT.v Line: 38
Warning (14026): LATCH primitive "pipeFPA64:fpa|SHIFT:s4|resMantissa[48]" is permanently enabled File: D:/IITB Files/Placement/selfprojects/pipeFPA64/SHIFT.v Line: 38
Warning (14026): LATCH primitive "pipeFPA64:fpa|SHIFT:s4|resMantissa[47]" is permanently enabled File: D:/IITB Files/Placement/selfprojects/pipeFPA64/SHIFT.v Line: 38
Warning (14026): LATCH primitive "pipeFPA64:fpa|SHIFT:s4|resMantissa[46]" is permanently enabled File: D:/IITB Files/Placement/selfprojects/pipeFPA64/SHIFT.v Line: 38
Warning (14026): LATCH primitive "pipeFPA64:fpa|SHIFT:s4|resMantissa[45]" is permanently enabled File: D:/IITB Files/Placement/selfprojects/pipeFPA64/SHIFT.v Line: 38
Warning (14026): LATCH primitive "pipeFPA64:fpa|SHIFT:s4|resMantissa[44]" is permanently enabled File: D:/IITB Files/Placement/selfprojects/pipeFPA64/SHIFT.v Line: 38
Warning (14026): LATCH primitive "pipeFPA64:fpa|SHIFT:s4|resMantissa[43]" is permanently enabled File: D:/IITB Files/Placement/selfprojects/pipeFPA64/SHIFT.v Line: 38
Warning (14026): LATCH primitive "pipeFPA64:fpa|SHIFT:s4|resMantissa[42]" is permanently enabled File: D:/IITB Files/Placement/selfprojects/pipeFPA64/SHIFT.v Line: 38
Warning (14026): LATCH primitive "pipeFPA64:fpa|SHIFT:s4|resMantissa[41]" is permanently enabled File: D:/IITB Files/Placement/selfprojects/pipeFPA64/SHIFT.v Line: 38
Warning (14026): LATCH primitive "pipeFPA64:fpa|SHIFT:s4|resMantissa[40]" is permanently enabled File: D:/IITB Files/Placement/selfprojects/pipeFPA64/SHIFT.v Line: 38
Warning (14026): LATCH primitive "pipeFPA64:fpa|SHIFT:s4|resMantissa[39]" is permanently enabled File: D:/IITB Files/Placement/selfprojects/pipeFPA64/SHIFT.v Line: 38
Warning (14026): LATCH primitive "pipeFPA64:fpa|SHIFT:s4|resMantissa[38]" is permanently enabled File: D:/IITB Files/Placement/selfprojects/pipeFPA64/SHIFT.v Line: 38
Warning (14026): LATCH primitive "pipeFPA64:fpa|SHIFT:s4|resMantissa[37]" is permanently enabled File: D:/IITB Files/Placement/selfprojects/pipeFPA64/SHIFT.v Line: 38
Warning (14026): LATCH primitive "pipeFPA64:fpa|SHIFT:s4|resMantissa[36]" is permanently enabled File: D:/IITB Files/Placement/selfprojects/pipeFPA64/SHIFT.v Line: 38
Warning (14026): LATCH primitive "pipeFPA64:fpa|SHIFT:s4|resMantissa[35]" is permanently enabled File: D:/IITB Files/Placement/selfprojects/pipeFPA64/SHIFT.v Line: 38
Warning (14026): LATCH primitive "pipeFPA64:fpa|SHIFT:s4|resMantissa[34]" is permanently enabled File: D:/IITB Files/Placement/selfprojects/pipeFPA64/SHIFT.v Line: 38
Warning (14026): LATCH primitive "pipeFPA64:fpa|SHIFT:s4|resMantissa[33]" is permanently enabled File: D:/IITB Files/Placement/selfprojects/pipeFPA64/SHIFT.v Line: 38
Warning (14026): LATCH primitive "pipeFPA64:fpa|SHIFT:s4|resMantissa[32]" is permanently enabled File: D:/IITB Files/Placement/selfprojects/pipeFPA64/SHIFT.v Line: 38
Warning (14026): LATCH primitive "pipeFPA64:fpa|SHIFT:s4|resMantissa[31]" is permanently enabled File: D:/IITB Files/Placement/selfprojects/pipeFPA64/SHIFT.v Line: 38
Warning (14026): LATCH primitive "pipeFPA64:fpa|SHIFT:s4|resMantissa[30]" is permanently enabled File: D:/IITB Files/Placement/selfprojects/pipeFPA64/SHIFT.v Line: 38
Warning (14026): LATCH primitive "pipeFPA64:fpa|SHIFT:s4|resMantissa[29]" is permanently enabled File: D:/IITB Files/Placement/selfprojects/pipeFPA64/SHIFT.v Line: 38
Warning (14026): LATCH primitive "pipeFPA64:fpa|SHIFT:s4|resMantissa[28]" is permanently enabled File: D:/IITB Files/Placement/selfprojects/pipeFPA64/SHIFT.v Line: 38
Warning (14026): LATCH primitive "pipeFPA64:fpa|SHIFT:s4|resMantissa[27]" is permanently enabled File: D:/IITB Files/Placement/selfprojects/pipeFPA64/SHIFT.v Line: 38
Warning (14026): LATCH primitive "pipeFPA64:fpa|SHIFT:s4|resMantissa[26]" is permanently enabled File: D:/IITB Files/Placement/selfprojects/pipeFPA64/SHIFT.v Line: 38
Warning (14026): LATCH primitive "pipeFPA64:fpa|SHIFT:s4|resMantissa[25]" is permanently enabled File: D:/IITB Files/Placement/selfprojects/pipeFPA64/SHIFT.v Line: 38
Warning (14026): LATCH primitive "pipeFPA64:fpa|SHIFT:s4|resMantissa[24]" is permanently enabled File: D:/IITB Files/Placement/selfprojects/pipeFPA64/SHIFT.v Line: 38
Warning (14026): LATCH primitive "pipeFPA64:fpa|SHIFT:s4|resMantissa[23]" is permanently enabled File: D:/IITB Files/Placement/selfprojects/pipeFPA64/SHIFT.v Line: 38
Warning (14026): LATCH primitive "pipeFPA64:fpa|SHIFT:s4|resMantissa[22]" is permanently enabled File: D:/IITB Files/Placement/selfprojects/pipeFPA64/SHIFT.v Line: 38
Warning (14026): LATCH primitive "pipeFPA64:fpa|SHIFT:s4|resMantissa[21]" is permanently enabled File: D:/IITB Files/Placement/selfprojects/pipeFPA64/SHIFT.v Line: 38
Warning (14026): LATCH primitive "pipeFPA64:fpa|SHIFT:s4|resMantissa[20]" is permanently enabled File: D:/IITB Files/Placement/selfprojects/pipeFPA64/SHIFT.v Line: 38
Warning (14026): LATCH primitive "pipeFPA64:fpa|SHIFT:s4|resMantissa[19]" is permanently enabled File: D:/IITB Files/Placement/selfprojects/pipeFPA64/SHIFT.v Line: 38
Warning (14026): LATCH primitive "pipeFPA64:fpa|SHIFT:s4|resMantissa[18]" is permanently enabled File: D:/IITB Files/Placement/selfprojects/pipeFPA64/SHIFT.v Line: 38
Warning (14026): LATCH primitive "pipeFPA64:fpa|SHIFT:s4|resMantissa[17]" is permanently enabled File: D:/IITB Files/Placement/selfprojects/pipeFPA64/SHIFT.v Line: 38
Warning (14026): LATCH primitive "pipeFPA64:fpa|SHIFT:s4|resMantissa[16]" is permanently enabled File: D:/IITB Files/Placement/selfprojects/pipeFPA64/SHIFT.v Line: 38
Warning (14026): LATCH primitive "pipeFPA64:fpa|SHIFT:s4|resMantissa[15]" is permanently enabled File: D:/IITB Files/Placement/selfprojects/pipeFPA64/SHIFT.v Line: 38
Warning (14026): LATCH primitive "pipeFPA64:fpa|SHIFT:s4|resMantissa[14]" is permanently enabled File: D:/IITB Files/Placement/selfprojects/pipeFPA64/SHIFT.v Line: 38
Warning (14026): LATCH primitive "pipeFPA64:fpa|SHIFT:s4|resMantissa[13]" is permanently enabled File: D:/IITB Files/Placement/selfprojects/pipeFPA64/SHIFT.v Line: 38
Warning (14026): LATCH primitive "pipeFPA64:fpa|SHIFT:s4|resMantissa[12]" is permanently enabled File: D:/IITB Files/Placement/selfprojects/pipeFPA64/SHIFT.v Line: 38
Warning (14026): LATCH primitive "pipeFPA64:fpa|SHIFT:s4|resMantissa[11]" is permanently enabled File: D:/IITB Files/Placement/selfprojects/pipeFPA64/SHIFT.v Line: 38
Warning (14026): LATCH primitive "pipeFPA64:fpa|SHIFT:s4|resMantissa[10]" is permanently enabled File: D:/IITB Files/Placement/selfprojects/pipeFPA64/SHIFT.v Line: 38
Warning (14026): LATCH primitive "pipeFPA64:fpa|SHIFT:s4|resMantissa[9]" is permanently enabled File: D:/IITB Files/Placement/selfprojects/pipeFPA64/SHIFT.v Line: 38
Warning (14026): LATCH primitive "pipeFPA64:fpa|SHIFT:s4|resMantissa[8]" is permanently enabled File: D:/IITB Files/Placement/selfprojects/pipeFPA64/SHIFT.v Line: 38
Warning (14026): LATCH primitive "pipeFPA64:fpa|SHIFT:s4|resMantissa[7]" is permanently enabled File: D:/IITB Files/Placement/selfprojects/pipeFPA64/SHIFT.v Line: 38
Warning (14026): LATCH primitive "pipeFPA64:fpa|SHIFT:s4|resMantissa[6]" is permanently enabled File: D:/IITB Files/Placement/selfprojects/pipeFPA64/SHIFT.v Line: 38
Warning (14026): LATCH primitive "pipeFPA64:fpa|SHIFT:s4|resMantissa[5]" is permanently enabled File: D:/IITB Files/Placement/selfprojects/pipeFPA64/SHIFT.v Line: 38
Warning (14026): LATCH primitive "pipeFPA64:fpa|SHIFT:s4|resMantissa[4]" is permanently enabled File: D:/IITB Files/Placement/selfprojects/pipeFPA64/SHIFT.v Line: 38
Warning (14026): LATCH primitive "pipeFPA64:fpa|SHIFT:s4|resMantissa[3]" is permanently enabled File: D:/IITB Files/Placement/selfprojects/pipeFPA64/SHIFT.v Line: 38
Warning (14026): LATCH primitive "pipeFPA64:fpa|SHIFT:s4|resMantissa[2]" is permanently enabled File: D:/IITB Files/Placement/selfprojects/pipeFPA64/SHIFT.v Line: 38
Warning (14026): LATCH primitive "pipeFPA64:fpa|SHIFT:s4|resMantissa[1]" is permanently enabled File: D:/IITB Files/Placement/selfprojects/pipeFPA64/SHIFT.v Line: 38
Warning (14026): LATCH primitive "pipeFPA64:fpa|SHIFT:s4|resMantissa[0]" is permanently enabled File: D:/IITB Files/Placement/selfprojects/pipeFPA64/SHIFT.v Line: 38
Warning (14026): LATCH primitive "pipeFPA64:fpa|SHIFT:s4|resExp[10]" is permanently enabled File: D:/IITB Files/Placement/selfprojects/pipeFPA64/SHIFT.v Line: 38
Warning (14026): LATCH primitive "pipeFPA64:fpa|SHIFT:s4|resExp[9]" is permanently enabled File: D:/IITB Files/Placement/selfprojects/pipeFPA64/SHIFT.v Line: 38
Warning (12241): 1 hierarchies have connectivity warnings - see the Connectivity Checks report folder
Info (286030): Timing-Driven Synthesis is running
Info (144001): Generated suppressed messages file D:/IITB Files/Placement/selfprojects/pipeFPA64/output_files/pipeFPA64.map.smsg
Info (16010): Generating hard_block partition "hard_block:auto_generated_inst"
    Info (16011): Adding 0 node(s), including 0 DDIO, 0 PLL, 0 transceiver and 0 LCELL
Info (21057): Implemented 368 device resources after synthesis - the final resource count might be different
    Info (21058): Implemented 1 input pins
    Info (21059): Implemented 2 output pins
    Info (21061): Implemented 365 logic cells
Info: Quartus Prime Analysis & Synthesis was successful. 0 errors, 80 warnings
    Info: Peak virtual memory: 4803 megabytes
    Info: Processing ended: Mon Aug 16 16:37:09 2021
    Info: Elapsed time: 00:00:16
    Info: Total CPU time (on all processors): 00:00:35


+------------------------------------------+
; Analysis & Synthesis Suppressed Messages ;
+------------------------------------------+
The suppressed messages can be found in D:/IITB Files/Placement/selfprojects/pipeFPA64/output_files/pipeFPA64.map.smsg.


